C51 COMPILER V9.52.0.0   DEMSANPHAM_C                                                      05/22/2019 22:47:05 PAGE 1   


C51 COMPILER V9.52.0.0, COMPILATION OF MODULE DEMSANPHAM_C
OBJECT MODULE PLACED IN demsanpham c.OBJ
COMPILER INVOKED BY: C:\Keil\C51\BIN\C51.EXE demsanpham c.c BROWSE DEBUG OBJECTEXTEND TABS(2)

line level    source

   1          #include<reg51.h>
   2          //================
   3          sbit    Led1  =  P2^0;
   4          sbit    Led2  =  P2^1;
   5          #define LEDPORT P0
   6          //=================
   7          unsigned char led7[10]={0xc0,0xf9,0xa4,0xb0,0x99,0x92,0x82,0xf8,0x80,0x90};
   8          int x=0;
   9          void delay(unsigned int t)
  10          {
  11   1        unsigned int i;
  12   1        for(i=0;i<=t;i++);
  13   1      }
  14          //=================
  15          void main()
  16          {
  17   1        IE=0x81;
  18   1        IT0=1;
  19   1        while(1)
  20   1        {
  21   2          Led1=1;  //led dau tien sang
  22   2          P0=led7[x/10];
  23   2          delay(50);
  24   2          Led1=0; 
  25   2          P0=0xff;//xoa du lieu
  26   2          Led2=1;  //led 2 sang
  27   2          P0=led7[x%10];
  28   2          delay(50); 
  29   2          Led2=0;
  30   2          P0=0xff;//xoa du lieu
  31   2        }
  32   1      }
  33          
  34          void ngat0(void) interrupt 0
  35          {
  36   1        EA=0;
  37   1        x++;
  38   1        if(x==100)x=0;
  39   1        delay(1000);
  40   1        EA=1;
  41   1      }


MODULE INFORMATION:   STATIC OVERLAYABLE
   CODE SIZE        =    138    ----
   CONSTANT SIZE    =   ----    ----
   XDATA SIZE       =   ----    ----
   PDATA SIZE       =   ----    ----
   DATA SIZE        =     12    ----
   IDATA SIZE       =   ----    ----
   BIT SIZE         =   ----    ----
END OF MODULE INFORMATION.


C51 COMPILATION COMPLETE.  0 WARNING(S),  0 ERROR(S)
